  glutsupport-2.cpp
  mid_project.cpp
c:\users\jeons\onedrive\바탕 화면\opengl\opengl_mid_project\opengl_mid_project\mid_project.cpp(7): warning C4305: '초기화 중': 'double'에서 'float'(으)로 잘립니다.
c:\users\jeons\onedrive\바탕 화면\opengl\opengl_mid_project\opengl_mid_project\mid_project.cpp(11): warning C4305: '초기화 중': 'double'에서 'GLfloat'(으)로 잘립니다.
c:\users\jeons\onedrive\바탕 화면\opengl\opengl_mid_project\opengl_mid_project\mid_project.cpp(58): warning C4244: '=': 'double'에서 'float'(으)로 변환하면서 데이터가 손실될 수 있습니다.
c:\users\jeons\onedrive\바탕 화면\opengl\opengl_mid_project\opengl_mid_project\mid_project.cpp(64): warning C4244: '=': 'double'에서 'float'(으)로 변환하면서 데이터가 손실될 수 있습니다.
c:\users\jeons\onedrive\바탕 화면\opengl\opengl_mid_project\opengl_mid_project\mid_project.cpp(124): warning C4267: '=': 'size_t'에서 'int'(으)로 변환하면서 데이터가 손실될 수 있습니다.
c:\users\jeons\onedrive\바탕 화면\opengl\opengl_mid_project\opengl_mid_project\mid_project.cpp(180): warning C4305: '+=': 'double'에서 'float'(으)로 잘립니다.
c:\users\jeons\onedrive\바탕 화면\opengl\opengl_mid_project\opengl_mid_project\mid_project.cpp(215): warning C4267: '인수': 'size_t'에서 'GLsizei'(으)로 변환하면서 데이터가 손실될 수 있습니다.
  코드를 생성하고 있습니다...
glutsupport-2.obj : error LNK2001: __imp___glewAttachShader 외부 기호를 확인할 수 없습니다.
glutsupport-2.obj : error LNK2001: __imp___glewCompileShader 외부 기호를 확인할 수 없습니다.
glutsupport-2.obj : error LNK2001: __imp___glewCreateProgram 외부 기호를 확인할 수 없습니다.
glutsupport-2.obj : error LNK2001: __imp___glewCreateShader 외부 기호를 확인할 수 없습니다.
glutsupport-2.obj : error LNK2001: __imp___glewDeleteShader 외부 기호를 확인할 수 없습니다.
glutsupport-2.obj : error LNK2001: __imp___glewGetShaderInfoLog 외부 기호를 확인할 수 없습니다.
glutsupport-2.obj : error LNK2001: __imp___glewGetShaderiv 외부 기호를 확인할 수 없습니다.
glutsupport-2.obj : error LNK2001: __imp___glewLinkProgram 외부 기호를 확인할 수 없습니다.
glutsupport-2.obj : error LNK2001: __imp___glewShaderSource 외부 기호를 확인할 수 없습니다.
mid_project.obj : error LNK2019: __imp_glewInit 외부 기호(참조 위치: main 함수)에서 확인하지 못했습니다.
mid_project.obj : error LNK2019: __imp_glutInitWindowSize 외부 기호(참조 위치: main 함수)에서 확인하지 못했습니다.
mid_project.obj : error LNK2019: __imp_glutInitDisplayMode 외부 기호(참조 위치: main 함수)에서 확인하지 못했습니다.
mid_project.obj : error LNK2019: __imp_glutMainLoop 외부 기호(참조 위치: main 함수)에서 확인하지 못했습니다.
mid_project.obj : error LNK2019: __imp_glutPostRedisplay 외부 기호(참조 위치: "void __cdecl idle(void)" (?idle@@YAXXZ) 함수)에서 확인하지 못했습니다.
mid_project.obj : error LNK2019: __imp_glutSwapBuffers 외부 기호(참조 위치: "void __cdecl render(void)" (?render@@YAXXZ) 함수)에서 확인하지 못했습니다.
mid_project.obj : error LNK2019: __imp_glutIdleFunc 외부 기호(참조 위치: main 함수)에서 확인하지 못했습니다.
mid_project.obj : error LNK2019: __imp_glutDisplayFunc 외부 기호(참조 위치: main 함수)에서 확인하지 못했습니다.
mid_project.obj : error LNK2019: __imp___glutInitWithExit 외부 기호(참조 위치: glutInit_ATEXIT_HACK 함수)에서 확인하지 못했습니다.
mid_project.obj : error LNK2019: __imp___glutCreateWindowWithExit 외부 기호(참조 위치: glutCreateWindow_ATEXIT_HACK 함수)에서 확인하지 못했습니다.
mid_project.obj : error LNK2001: __imp___glewBindBuffer 외부 기호를 확인할 수 없습니다.
mid_project.obj : error LNK2001: __imp___glewBufferData 외부 기호를 확인할 수 없습니다.
mid_project.obj : error LNK2001: __imp___glewGenBuffers 외부 기호를 확인할 수 없습니다.
mid_project.obj : error LNK2001: __imp___glewDeleteProgram 외부 기호를 확인할 수 없습니다.
mid_project.obj : error LNK2001: __imp___glewEnableVertexAttribArray 외부 기호를 확인할 수 없습니다.
mid_project.obj : error LNK2001: __imp___glewGetAttribLocation 외부 기호를 확인할 수 없습니다.
mid_project.obj : error LNK2001: __imp___glewGetUniformLocation 외부 기호를 확인할 수 없습니다.
mid_project.obj : error LNK2001: __imp___glewUniform1i 외부 기호를 확인할 수 없습니다.
mid_project.obj : error LNK2001: __imp___glewUniformMatrix4fv 외부 기호를 확인할 수 없습니다.
mid_project.obj : error LNK2001: __imp___glewUseProgram 외부 기호를 확인할 수 없습니다.
mid_project.obj : error LNK2001: __imp___glewVertexAttribPointer 외부 기호를 확인할 수 없습니다.
mid_project.obj : error LNK2001: __imp___glewClearBufferfv 외부 기호를 확인할 수 없습니다.
mid_project.obj : error LNK2001: __imp___glewBindVertexArray 외부 기호를 확인할 수 없습니다.
mid_project.obj : error LNK2001: __imp___glewDeleteVertexArrays 외부 기호를 확인할 수 없습니다.
mid_project.obj : error LNK2001: __imp___glewGenVertexArrays 외부 기호를 확인할 수 없습니다.
lib\freeglut.lib : warning LNK4272: 'x86' 라이브러리 컴퓨터 종류가 'x64' 대상 컴퓨터 종류와 충돌합니다.
lib\glew32.lib : warning LNK4272: 'x86' 라이브러리 컴퓨터 종류가 'x64' 대상 컴퓨터 종류와 충돌합니다.
C:\Users\jeons\OneDrive\바탕 화면\opengl\opengl_mid_project\x64\Debug\opengl_mid_project.exe : fatal error LNK1120: 34개의 확인할 수 없는 외부 참조입니다.
